<?xml version="1.0" encoding="UTF-8"?>
<testsuite xmlns:xsi="http://www.w3.org/2001/XMLSchema-instance" xsi:noNamespaceSchemaLocation="https://maven.apache.org/surefire/maven-surefire-plugin/xsd/surefire-test-report-3.0.xsd" version="3.0" name="com.insider.tests.InsiderTests" time="22.075" tests="1" errors="0" skipped="0" failures="0">
  <properties>
[...]
</properties>
  <testcase name="testInsiderQAJobs" classname="com.insider.tests.InsiderTests" time="19.519">
    <system-out><![CDATA[00:11:11.260 [main] INFO  com.insider.base.BaseTest - Initializing driver for browser: chrome
00:11:13.315 [main] INFO  com.insider.pages.HomePage - Navigating to Home Page: https://useinsider.com/
00:11:14.617 [main] INFO  com.insider.pages.HomePage - Home page opened successfully.
00:11:16.943 [main] INFO  com.insider.pages.HomePage - Main blocks and all sections are loaded successfully.
00:11:16.944 [main] INFO  com.insider.pages.CareersPage - Navigating to Careers QA Page: https://useinsider.com/careers/quality-assurance/
00:11:17.480 [main] INFO  com.insider.pages.CareersPage - Clicking 'See all QA jobs' button
00:11:17.480 [main] INFO  com.insider.pages.CareersPage - Clicking element: By.xpath: //a[normalize-space()='See all QA jobs']
00:11:17.931 [main] INFO  com.insider.pages.QAJobsPage - Waiting for initial job list API response (extended timeout)...
00:11:26.997 [main] INFO  com.insider.pages.QAJobsPage - Initial job list loaded successfully.
00:11:26.998 [main] INFO  com.insider.pages.QAJobsPage - Filtering jobs by Location: Istanbul, Turkiye and Department: Quality Assurance
00:11:27.173 [main] INFO  com.insider.pages.QAJobsPage - Waiting for job list to update (staleness check)...
00:11:27.696 [main] INFO  com.insider.pages.QAJobsPage - Old job list verified as stale. List is updating.
00:11:27.696 [main] INFO  com.insider.pages.QAJobsPage - Waiting for initial job list API response (extended timeout)...
00:11:27.723 [main] INFO  com.insider.pages.QAJobsPage - Initial job list loaded successfully.
00:11:27.807 [main] INFO  com.insider.pages.QAJobsPage - Found 2 filtered jobs. Verifying details for each...
00:11:27.858 [main] INFO  com.insider.pages.QAJobsPage - Checking Job: Title='Software Quality Assurance Engineer (Remote)', Dept='Quality Assurance', Loc='Istanbul, Turkiye'
00:11:27.909 [main] INFO  com.insider.pages.QAJobsPage - Checking Job: Title='Software Quality Assurance Manager (Remote)', Dept='Quality Assurance', Loc='Istanbul, Turkiye'
00:11:27.919 [main] INFO  com.insider.pages.QAJobsPage - Found 2 jobs. Verifying 'View Role' links by clicking them one by one.
00:11:27.955 [main] INFO  com.insider.pages.QAJobsPage - Clicking 'View Role' for job #1: Software Quality Assurance Engineer (Remote)
00:11:29.976 [main] INFO  com.insider.pages.QAJobsPage - Redirect verified: https://jobs.lever.co/insiderone/774658ce-0d6e-4b07-a69b-4629fa11d6f3
00:11:31.228 [main] INFO  com.insider.pages.QAJobsPage - Lever Page - Location: Istanbul, Turkiye, Department: Quality Assurance /
00:11:31.331 [main] INFO  com.insider.pages.QAJobsPage - Clicking 'View Role' for job #2: Software Quality Assurance Manager (Remote)
00:11:32.768 [main] INFO  com.insider.pages.QAJobsPage - Redirect verified: https://jobs.lever.co/insiderone/285ebdc7-e10b-416d-a636-bab5ec81d852
00:11:32.804 [main] INFO  com.insider.pages.QAJobsPage - Lever Page - Location: Istanbul, Turkiye, Department: Quality Assurance /
]]></system-out>
    <system-err><![CDATA[Jan 17, 2026 12:11:13 AM org.openqa.selenium.devtools.CdpVersionFinder findNearestMatch
WARNING: Unable to find CDP implementation matching 143
Jan 17, 2026 12:11:13 AM org.openqa.selenium.chromium.ChromiumDriver lambda$new$5
WARNING: Unable to find version of CDP to use for 143.0.7499.194. You may need to include a dependency on a specific version of the CDP using something similar to `org.seleniumhq.selenium:selenium-devtools-v86:4.16.1` where the version ("v86") matches the version of the chromium-based browser you're using and the version number of the artifact is the same as Selenium's.
]]></system-err>
  </testcase>
</testsuite>