<?xml version="1.0" encoding="UTF-8"?>
<testng-results ignored="0" total="1" passed="1" failed="0" skipped="0">
  <reporter-output>
    <line>
      <![CDATA[Clicking element: By.xpath: //a[normalize-space()='See all QA jobs']<br>]]>
    </line>
    <line>
      <![CDATA[Selecting 'Istanbul, Turkiye' from: By.id: filter-by-location<br>]]>
    </line>
    <line>
      <![CDATA[Selecting 'Quality Assurance' from: By.id: filter-by-department<br>]]>
    </line>
    <line>
      <![CDATA[Clicking element: [[[[ChromeDriver: chrome on mac (bbe54cb020dbf9e417f400065bc5d482)] -> class name: position-list-item]] -> css selector: a.btn.btn-navy]<br>]]>
    </line>
    <line>
      <![CDATA[Clicking element: [[[[ChromeDriver: chrome on mac (bbe54cb020dbf9e417f400065bc5d482)] -> class name: position-list-item]] -> css selector: a.btn.btn-navy]<br>]]>
    </line>
  </reporter-output>
  <suite started-at="2026-01-17T00:11:11 TRT" name="Surefire suite" finished-at="2026-01-17T00:11:32 TRT" duration-ms="21755">
    <groups>
    </groups>
    <test started-at="2026-01-17T00:11:11 TRT" name="Surefire test" finished-at="2026-01-17T00:11:32 TRT" duration-ms="21755">
      <class name="com.insider.tests.InsiderTests">
        <test-method is-config="true" signature="setUp(java.lang.String)[pri:0, instance:com.insider.tests.InsiderTests@4b45a2f5]" started-at="2026-01-17T00:11:11 TRT" name="setUp" finished-at="2026-01-17T00:11:13 TRT" duration-ms="2056" status="PASS">
          <params>
            <param index="0">
              <value>
                <![CDATA[chrome]]>
              </value>
            </param>
          </params>
          <reporter-output>
          </reporter-output>
        </test-method> <!-- setUp -->
        <test-method signature="testInsiderQAJobs()[pri:0, instance:com.insider.tests.InsiderTests@4b45a2f5]" started-at="2026-01-17T00:11:13 TRT" name="testInsiderQAJobs" description="Insider Career Page QA Job Verification" finished-at="2026-01-17T00:11:32 TRT" duration-ms="19517" status="PASS">
          <reporter-output>
            <line>
              <![CDATA[Clicking element: By.xpath: //a[normalize-space()='See all QA jobs']<br>]]>
            </line>
            <line>
              <![CDATA[Selecting 'Istanbul, Turkiye' from: By.id: filter-by-location<br>]]>
            </line>
            <line>
              <![CDATA[Selecting 'Quality Assurance' from: By.id: filter-by-department<br>]]>
            </line>
            <line>
              <![CDATA[Clicking element: [[[[ChromeDriver: chrome on mac (bbe54cb020dbf9e417f400065bc5d482)] -> class name: position-list-item]] -> css selector: a.btn.btn-navy]<br>]]>
            </line>
            <line>
              <![CDATA[Clicking element: [[[[ChromeDriver: chrome on mac (bbe54cb020dbf9e417f400065bc5d482)] -> class name: position-list-item]] -> css selector: a.btn.btn-navy]<br>]]>
            </line>
          </reporter-output>
        </test-method> <!-- testInsiderQAJobs -->
        <test-method is-config="true" signature="tearDown()[pri:0, instance:com.insider.tests.InsiderTests@4b45a2f5]" started-at="2026-01-17T00:11:32 TRT" name="tearDown" finished-at="2026-01-17T00:11:32 TRT" duration-ms="165" status="PASS">
          <reporter-output>
          </reporter-output>
        </test-method> <!-- tearDown -->
      </class> <!-- com.insider.tests.InsiderTests -->
    </test> <!-- Surefire test -->
  </suite> <!-- Surefire suite -->
</testng-results>
