<?xml version="1.0" encoding="UTF-8"?>
<!-- Generated by org.testng.reporters.JUnitReportReporter -->
<testsuite hostname="Muhammeds-MacBook-Pro.local" failures="0" tests="1" name="com.insider.tests.InsiderTests" time="21.738" errors="0" timestamp="2026-01-17T00:11:33 TRT" skipped="0">
  <testcase classname="com.insider.tests.InsiderTests" name="testInsiderQAJobs" time="21.738">
    <system-out>
      <![CDATA[Clicking element: By.xpath: //a[normalize-space()='See all QA jobs']<br>
Selecting 'Istanbul, Turkiye' from: By.id: filter-by-location<br>
Selecting 'Quality Assurance' from: By.id: filter-by-department<br>
Clicking element: [[[[ChromeDriver: chrome on mac (bbe54cb020dbf9e417f400065bc5d482)] -> class name: position-list-item]] -> css selector: a.btn.btn-navy]<br>
Clicking element: [[[[ChromeDriver: chrome on mac (bbe54cb020dbf9e417f400065bc5d482)] -> class name: position-list-item]] -> css selector: a.btn.btn-navy]<br>]]>
    </system-out>
  </testcase> <!-- testInsiderQAJobs -->
  <system-out>
    <![CDATA[Clicking element: By.xpath: //a[normalize-space()='See all QA jobs']<br>
Selecting 'Istanbul, Turkiye' from: By.id: filter-by-location<br>
Selecting 'Quality Assurance' from: By.id: filter-by-department<br>
Clicking element: [[[[ChromeDriver: chrome on mac (bbe54cb020dbf9e417f400065bc5d482)] -> class name: position-list-item]] -> css selector: a.btn.btn-navy]<br>
Clicking element: [[[[ChromeDriver: chrome on mac (bbe54cb020dbf9e417f400065bc5d482)] -> class name: position-list-item]] -> css selector: a.btn.btn-navy]<br>]]>
  </system-out>
</testsuite> <!-- com.insider.tests.InsiderTests -->
